2023-05-08T13:44:10+00:00 DEBUG tt4b_product_sync: missing access token for tt4b_product_sync
2023-05-08T13:50:47+00:00 DEBUG tt4b_product_sync: missing access token for tt4b_product_sync
2023-05-08T13:52:40+00:00 DEBUG tt4b_product_sync: missing access token for tt4b_product_sync
2023-05-08T13:53:32+00:00 DEBUG tt4b_product_sync: missing access token for tt4b_product_sync
2023-05-08T14:38:47+00:00 DEBUG tt4b_product_sync: missing access token for tt4b_product_sync
2023-05-08T14:40:48+00:00 DEBUG tt4b_product_sync: missing access token for tt4b_product_sync
2023-05-08T14:41:54+00:00 DEBUG tt4b_product_sync: missing access token for tt4b_product_sync
2023-05-08T14:43:23+00:00 DEBUG tt4b_product_sync: missing access token for tt4b_product_sync
2023-05-08T14:43:45+00:00 DEBUG tt4b_product_sync: missing access token for tt4b_product_sync
2023-05-08T14:43:51+00:00 DEBUG tt4b_product_sync: missing access token for tt4b_product_sync
2023-05-08T14:44:53+00:00 DEBUG tt4b_product_sync: missing access token for tt4b_product_sync
2023-05-08T14:45:36+00:00 DEBUG tt4b_product_sync: missing access token for tt4b_product_sync
2023-05-08T14:45:49+00:00 DEBUG tt4b_product_sync: missing access token for tt4b_product_sync
2023-05-08T14:46:05+00:00 DEBUG tt4b_product_sync: missing access token for tt4b_product_sync
2023-05-08T14:47:07+00:00 DEBUG tt4b_product_sync: missing access token for tt4b_product_sync
2023-05-08T14:47:16+00:00 DEBUG tt4b_product_sync: missing access token for tt4b_product_sync
2023-05-08T14:47:31+00:00 DEBUG tt4b_product_sync: missing access token for tt4b_product_sync
2023-05-08T14:48:40+00:00 DEBUG tt4b_product_sync: missing access token for tt4b_product_sync
2023-05-08T14:48:45+00:00 DEBUG tt4b_product_sync: missing access token for tt4b_product_sync
2023-05-08T14:48:52+00:00 DEBUG tt4b_product_sync: missing access token for tt4b_product_sync
2023-05-08T14:49:07+00:00 DEBUG tt4b_product_sync: missing access token for tt4b_product_sync
2023-05-08T14:49:57+00:00 DEBUG tt4b_product_sync: missing access token for tt4b_product_sync
2023-05-08T14:52:04+00:00 DEBUG tt4b_product_sync: missing access token for tt4b_product_sync
2023-05-08T14:52:35+00:00 DEBUG tt4b_product_sync: missing access token for tt4b_product_sync
2023-05-08T14:53:37+00:00 DEBUG tt4b_product_sync: missing access token for tt4b_product_sync
2023-05-08T14:53:43+00:00 DEBUG tt4b_product_sync: missing access token for tt4b_product_sync
2023-05-08T14:54:00+00:00 DEBUG tt4b_product_sync: missing access token for tt4b_product_sync
2023-05-08T14:54:19+00:00 DEBUG tt4b_product_sync: missing access token for tt4b_product_sync
2023-05-08T14:55:20+00:00 DEBUG tt4b_product_sync: missing access token for tt4b_product_sync
2023-05-08T14:55:45+00:00 DEBUG tt4b_product_sync: missing access token for tt4b_product_sync
2023-05-08T14:56:43+00:00 DEBUG tt4b_product_sync: missing access token for tt4b_product_sync
2023-05-08T14:56:58+00:00 DEBUG tt4b_product_sync: missing access token for tt4b_product_sync
2023-05-08T14:58:10+00:00 DEBUG tt4b_product_sync: missing access token for tt4b_product_sync
2023-05-08T14:59:00+00:00 DEBUG tt4b_product_sync: missing access token for tt4b_product_sync
2023-05-08T14:59:23+00:00 DEBUG tt4b_product_sync: missing access token for tt4b_product_sync
2023-05-08T14:59:30+00:00 DEBUG tt4b_product_sync: missing access token for tt4b_product_sync
2023-05-08T15:00:31+00:00 DEBUG tt4b_product_sync: missing access token for tt4b_product_sync
2023-05-08T15:00:34+00:00 DEBUG tt4b_product_sync: missing access token for tt4b_product_sync
2023-05-08T15:00:41+00:00 DEBUG tt4b_product_sync: missing access token for tt4b_product_sync
2023-05-08T15:00:53+00:00 DEBUG tt4b_product_sync: missing access token for tt4b_product_sync
2023-05-08T15:01:50+00:00 DEBUG tt4b_product_sync: missing access token for tt4b_product_sync
2023-05-08T15:02:02+00:00 DEBUG tt4b_product_sync: missing access token for tt4b_product_sync
2023-05-08T15:02:17+00:00 DEBUG tt4b_product_sync: missing access token for tt4b_product_sync
2023-05-08T15:03:22+00:00 DEBUG tt4b_product_sync: missing access token for tt4b_product_sync
2023-05-08T15:03:42+00:00 DEBUG tt4b_product_sync: missing access token for tt4b_product_sync
2023-05-08T15:03:55+00:00 DEBUG tt4b_product_sync: missing access token for tt4b_product_sync
2023-05-08T15:04:12+00:00 DEBUG tt4b_product_sync: missing access token for tt4b_product_sync
2023-05-08T15:05:15+00:00 DEBUG tt4b_product_sync: missing access token for tt4b_product_sync
2023-05-08T15:05:59+00:00 DEBUG tt4b_product_sync: missing access token for tt4b_product_sync
2023-05-08T15:06:09+00:00 DEBUG tt4b_product_sync: missing access token for tt4b_product_sync
2023-05-08T15:06:15+00:00 DEBUG tt4b_product_sync: missing access token for tt4b_product_sync
2023-05-08T15:07:37+00:00 DEBUG tt4b_product_sync: missing access token for tt4b_product_sync
2023-05-08T15:08:35+00:00 DEBUG tt4b_product_sync: missing access token for tt4b_product_sync
2023-05-08T15:08:57+00:00 DEBUG tt4b_product_sync: missing access token for tt4b_product_sync
2023-05-08T15:10:04+00:00 DEBUG tt4b_product_sync: missing access token for tt4b_product_sync
2023-05-08T15:10:08+00:00 DEBUG tt4b_product_sync: missing access token for tt4b_product_sync
2023-05-08T15:10:15+00:00 DEBUG tt4b_product_sync: missing access token for tt4b_product_sync
2023-05-08T15:11:17+00:00 DEBUG tt4b_product_sync: missing access token for tt4b_product_sync
2023-05-08T15:11:36+00:00 DEBUG tt4b_product_sync: missing access token for tt4b_product_sync
2023-05-08T15:12:42+00:00 DEBUG tt4b_product_sync: missing access token for tt4b_product_sync
2023-05-08T15:12:49+00:00 DEBUG tt4b_product_sync: missing access token for tt4b_product_sync
2023-05-08T15:13:24+00:00 DEBUG tt4b_product_sync: missing access token for tt4b_product_sync
2023-05-08T15:13:58+00:00 DEBUG tt4b_product_sync: missing access token for tt4b_product_sync
2023-05-08T15:14:09+00:00 DEBUG tt4b_product_sync: missing access token for tt4b_product_sync
2023-05-08T15:14:16+00:00 DEBUG tt4b_product_sync: missing access token for tt4b_product_sync
2023-05-08T15:15:15+00:00 DEBUG tt4b_product_sync: missing access token for tt4b_product_sync
2023-05-08T15:15:38+00:00 DEBUG tt4b_product_sync: missing access token for tt4b_product_sync
2023-05-08T15:15:53+00:00 DEBUG tt4b_product_sync: missing access token for tt4b_product_sync
2023-05-08T15:17:59+00:00 DEBUG tt4b_product_sync: missing access token for tt4b_product_sync
2023-05-08T15:18:38+00:00 DEBUG tt4b_product_sync: missing access token for tt4b_product_sync
2023-05-08T15:20:49+00:00 DEBUG tt4b_product_sync: missing access token for tt4b_product_sync
2023-05-08T15:21:57+00:00 DEBUG tt4b_product_sync: missing access token for tt4b_product_sync
2023-05-08T15:22:00+00:00 DEBUG tt4b_product_sync: missing access token for tt4b_product_sync
2023-05-08T15:22:51+00:00 DEBUG Tt4b_Pixel_Class::inject_add_to_cart_event: hit injectAddToCartEvent
2023-05-08T15:22:51+00:00 DEBUG Tt4b_Pixel_Class::inject_add_to_cart_event: Missing option "access_token"
2023-05-08T15:23:06+00:00 DEBUG Tt4b_Pixel_Class::inject_start_checkout: hit injectStartCheckout
2023-05-08T15:23:06+00:00 DEBUG Tt4b_Pixel_Class::inject_start_checkout: Missing option "access_token"
2023-05-08T15:23:36+00:00 DEBUG tt4b_product_sync: missing access token for tt4b_product_sync
2023-05-08T15:25:52+00:00 DEBUG tt4b_product_sync: missing access token for tt4b_product_sync
2023-05-08T15:26:55+00:00 DEBUG tt4b_product_sync: missing access token for tt4b_product_sync
2023-05-08T15:27:15+00:00 DEBUG tt4b_product_sync: missing access token for tt4b_product_sync
2023-05-08T15:27:58+00:00 DEBUG tt4b_product_sync: missing access token for tt4b_product_sync
2023-05-08T15:28:05+00:00 DEBUG tt4b_product_sync: missing access token for tt4b_product_sync
2023-05-08T15:28:41+00:00 DEBUG tt4b_product_sync: missing access token for tt4b_product_sync
2023-05-08T15:28:47+00:00 DEBUG tt4b_product_sync: missing access token for tt4b_product_sync
2023-05-08T15:29:38+00:00 DEBUG tt4b_product_sync: missing access token for tt4b_product_sync
2023-05-08T15:30:35+00:00 DEBUG tt4b_product_sync: missing access token for tt4b_product_sync
2023-05-08T15:30:44+00:00 DEBUG tt4b_product_sync: missing access token for tt4b_product_sync
2023-05-08T15:31:47+00:00 DEBUG tt4b_product_sync: missing access token for tt4b_product_sync
2023-05-08T15:31:54+00:00 DEBUG tt4b_product_sync: missing access token for tt4b_product_sync
2023-05-08T15:32:50+00:00 DEBUG tt4b_product_sync: missing access token for tt4b_product_sync
2023-05-08T15:32:59+00:00 DEBUG tt4b_product_sync: missing access token for tt4b_product_sync
2023-05-08T15:33:54+00:00 DEBUG tt4b_product_sync: missing access token for tt4b_product_sync
2023-05-08T15:34:21+00:00 DEBUG tt4b_product_sync: missing access token for tt4b_product_sync
2023-05-08T15:34:29+00:00 DEBUG tt4b_product_sync: missing access token for tt4b_product_sync
2023-05-08T15:35:12+00:00 DEBUG tt4b_product_sync: missing access token for tt4b_product_sync
2023-05-08T15:35:13+00:00 DEBUG tt4b_product_sync: missing access token for tt4b_product_sync
2023-05-08T15:35:47+00:00 DEBUG tt4b_product_sync: missing access token for tt4b_product_sync
2023-05-08T15:36:49+00:00 DEBUG tt4b_product_sync: missing access token for tt4b_product_sync
2023-05-08T15:38:17+00:00 DEBUG tt4b_product_sync: missing access token for tt4b_product_sync
2023-05-08T15:38:25+00:00 DEBUG tt4b_product_sync: missing access token for tt4b_product_sync
2023-05-08T15:38:45+00:00 DEBUG tt4b_product_sync: missing access token for tt4b_product_sync
2023-05-08T15:39:47+00:00 DEBUG tt4b_product_sync: missing access token for tt4b_product_sync
2023-05-08T15:39:56+00:00 DEBUG tt4b_product_sync: missing access token for tt4b_product_sync
2023-05-08T15:40:23+00:00 DEBUG tt4b_product_sync: missing access token for tt4b_product_sync
2023-05-08T15:41:04+00:00 DEBUG tt4b_product_sync: missing access token for tt4b_product_sync
2023-05-08T15:41:20+00:00 DEBUG tt4b_product_sync: missing access token for tt4b_product_sync
2023-05-08T15:42:11+00:00 DEBUG tt4b_product_sync: missing access token for tt4b_product_sync
2023-05-08T15:42:18+00:00 DEBUG tt4b_product_sync: missing access token for tt4b_product_sync
2023-05-08T15:49:50+00:00 DEBUG tt4b_product_sync: missing access token for tt4b_product_sync
2023-05-08T15:50:43+00:00 DEBUG tt4b_product_sync: missing access token for tt4b_product_sync
2023-05-08T15:51:44+00:00 DEBUG tt4b_product_sync: missing access token for tt4b_product_sync
2023-05-08T15:52:00+00:00 DEBUG tt4b_product_sync: missing access token for tt4b_product_sync
2023-05-08T15:52:46+00:00 DEBUG tt4b_product_sync: missing access token for tt4b_product_sync
2023-05-08T15:52:52+00:00 DEBUG tt4b_product_sync: missing access token for tt4b_product_sync
2023-05-08T15:53:25+00:00 DEBUG tt4b_product_sync: missing access token for tt4b_product_sync
2023-05-08T15:54:04+00:00 DEBUG tt4b_product_sync: missing access token for tt4b_product_sync
2023-05-08T15:54:50+00:00 DEBUG tt4b_product_sync: missing access token for tt4b_product_sync
2023-05-08T15:54:56+00:00 DEBUG tt4b_product_sync: missing access token for tt4b_product_sync
2023-05-08T15:55:43+00:00 DEBUG tt4b_product_sync: missing access token for tt4b_product_sync
2023-05-08T15:56:33+00:00 DEBUG tt4b_product_sync: missing access token for tt4b_product_sync
2023-05-08T15:57:15+00:00 DEBUG tt4b_product_sync: missing access token for tt4b_product_sync
2023-05-08T15:57:22+00:00 DEBUG tt4b_product_sync: missing access token for tt4b_product_sync
2023-05-08T15:57:41+00:00 DEBUG tt4b_product_sync: missing access token for tt4b_product_sync
2023-05-08T15:58:27+00:00 DEBUG tt4b_product_sync: missing access token for tt4b_product_sync
2023-05-08T15:58:37+00:00 DEBUG tt4b_product_sync: missing access token for tt4b_product_sync
2023-05-08T16:04:53+00:00 DEBUG tt4b_product_sync: missing access token for tt4b_product_sync
2023-05-08T16:05:36+00:00 DEBUG tt4b_product_sync: missing access token for tt4b_product_sync
2023-05-08T16:05:55+00:00 DEBUG tt4b_product_sync: missing access token for tt4b_product_sync
2023-05-08T16:06:02+00:00 DEBUG tt4b_product_sync: missing access token for tt4b_product_sync
2023-05-08T16:06:57+00:00 DEBUG tt4b_product_sync: missing access token for tt4b_product_sync
2023-05-08T16:07:22+00:00 DEBUG tt4b_product_sync: missing access token for tt4b_product_sync
2023-05-08T16:10:43+00:00 DEBUG tt4b_product_sync: missing access token for tt4b_product_sync
2023-05-08T16:11:26+00:00 DEBUG tt4b_product_sync: missing access token for tt4b_product_sync
2023-05-08T16:12:03+00:00 DEBUG tt4b_product_sync: missing access token for tt4b_product_sync
2023-05-08T16:12:10+00:00 DEBUG tt4b_product_sync: missing access token for tt4b_product_sync
2023-05-08T16:12:37+00:00 DEBUG tt4b_product_sync: missing access token for tt4b_product_sync
2023-05-08T16:13:14+00:00 DEBUG tt4b_product_sync: missing access token for tt4b_product_sync
2023-05-08T16:13:22+00:00 DEBUG tt4b_product_sync: missing access token for tt4b_product_sync
2023-05-08T16:16:11+00:00 DEBUG tt4b_product_sync: missing access token for tt4b_product_sync
2023-05-08T16:17:03+00:00 DEBUG tt4b_product_sync: missing access token for tt4b_product_sync
2023-05-08T16:17:23+00:00 DEBUG tt4b_product_sync: missing access token for tt4b_product_sync
2023-05-08T16:19:24+00:00 DEBUG tt4b_product_sync: missing access token for tt4b_product_sync
2023-05-08T16:19:59+00:00 DEBUG tt4b_product_sync: missing access token for tt4b_product_sync
2023-05-08T16:22:42+00:00 DEBUG Tt4b_Pixel_Class::inject_start_checkout: hit injectStartCheckout
2023-05-08T16:22:42+00:00 DEBUG Tt4b_Pixel_Class::inject_start_checkout: Missing option "access_token"
