2023-05-06T12:34:34+00:00 DEBUG tt4b_product_sync: missing access token for tt4b_product_sync
2023-05-06T12:36:20+00:00 DEBUG tt4b_product_sync: missing access token for tt4b_product_sync
2023-05-06T12:38:20+00:00 DEBUG tt4b_product_sync: missing access token for tt4b_product_sync
2023-05-06T12:38:29+00:00 DEBUG tt4b_product_sync: missing access token for tt4b_product_sync
2023-05-06T12:39:30+00:00 DEBUG tt4b_product_sync: missing access token for tt4b_product_sync
2023-05-06T12:40:36+00:00 DEBUG tt4b_product_sync: missing access token for tt4b_product_sync
2023-05-06T12:41:45+00:00 DEBUG tt4b_product_sync: missing access token for tt4b_product_sync
2023-05-06T12:42:01+00:00 DEBUG tt4b_product_sync: missing access token for tt4b_product_sync
2023-05-06T12:54:55+00:00 DEBUG tt4b_product_sync: missing access token for tt4b_product_sync
2023-05-06T12:56:25+00:00 DEBUG tt4b_product_sync: missing access token for tt4b_product_sync
2023-05-06T12:57:29+00:00 DEBUG tt4b_product_sync: missing access token for tt4b_product_sync
2023-05-06T12:58:27+00:00 DEBUG tt4b_product_sync: missing access token for tt4b_product_sync
2023-05-06T12:58:36+00:00 DEBUG tt4b_product_sync: missing access token for tt4b_product_sync
2023-05-06T12:58:57+00:00 DEBUG tt4b_product_sync: missing access token for tt4b_product_sync
2023-05-06T13:00:00+00:00 DEBUG tt4b_product_sync: missing access token for tt4b_product_sync
2023-05-06T13:00:39+00:00 DEBUG tt4b_product_sync: missing access token for tt4b_product_sync
2023-05-06T13:00:46+00:00 DEBUG tt4b_product_sync: missing access token for tt4b_product_sync
2023-05-06T13:01:35+00:00 DEBUG tt4b_product_sync: missing access token for tt4b_product_sync
2023-05-06T13:02:37+00:00 DEBUG tt4b_product_sync: missing access token for tt4b_product_sync
2023-05-06T13:02:47+00:00 DEBUG tt4b_product_sync: missing access token for tt4b_product_sync
2023-05-06T13:03:00+00:00 DEBUG tt4b_product_sync: missing access token for tt4b_product_sync
2023-05-06T13:04:05+00:00 DEBUG tt4b_product_sync: missing access token for tt4b_product_sync
2023-05-06T13:04:17+00:00 DEBUG tt4b_product_sync: missing access token for tt4b_product_sync
2023-05-06T13:04:28+00:00 DEBUG tt4b_product_sync: missing access token for tt4b_product_sync
2023-05-06T13:05:35+00:00 DEBUG tt4b_product_sync: missing access token for tt4b_product_sync
2023-05-06T13:05:42+00:00 DEBUG tt4b_product_sync: missing access token for tt4b_product_sync
2023-05-06T13:05:53+00:00 DEBUG tt4b_product_sync: missing access token for tt4b_product_sync
2023-05-06T13:06:14+00:00 DEBUG tt4b_product_sync: missing access token for tt4b_product_sync
2023-05-06T13:07:17+00:00 DEBUG tt4b_product_sync: missing access token for tt4b_product_sync
2023-05-06T13:08:05+00:00 DEBUG tt4b_product_sync: missing access token for tt4b_product_sync
2023-05-06T13:08:25+00:00 DEBUG tt4b_product_sync: missing access token for tt4b_product_sync
2023-05-06T13:08:39+00:00 DEBUG tt4b_product_sync: missing access token for tt4b_product_sync
2023-05-06T13:09:54+00:00 DEBUG tt4b_product_sync: missing access token for tt4b_product_sync
2023-05-06T13:10:05+00:00 DEBUG tt4b_product_sync: missing access token for tt4b_product_sync
2023-05-06T13:10:55+00:00 DEBUG tt4b_product_sync: missing access token for tt4b_product_sync
2023-05-06T13:11:58+00:00 DEBUG tt4b_product_sync: missing access token for tt4b_product_sync
2023-05-06T13:12:36+00:00 DEBUG tt4b_product_sync: missing access token for tt4b_product_sync
2023-05-06T13:12:46+00:00 DEBUG tt4b_product_sync: missing access token for tt4b_product_sync
2023-05-06T13:13:03+00:00 DEBUG tt4b_product_sync: missing access token for tt4b_product_sync
2023-05-06T13:14:01+00:00 DEBUG tt4b_product_sync: missing access token for tt4b_product_sync
2023-05-06T13:14:37+00:00 DEBUG tt4b_product_sync: missing access token for tt4b_product_sync
2023-05-06T13:15:47+00:00 DEBUG tt4b_product_sync: missing access token for tt4b_product_sync
2023-05-06T13:16:07+00:00 DEBUG tt4b_product_sync: missing access token for tt4b_product_sync
2023-05-06T13:17:17+00:00 DEBUG tt4b_product_sync: missing access token for tt4b_product_sync
2023-05-06T13:17:20+00:00 DEBUG tt4b_product_sync: missing access token for tt4b_product_sync
2023-05-06T13:17:36+00:00 DEBUG tt4b_product_sync: missing access token for tt4b_product_sync
2023-05-06T13:17:45+00:00 DEBUG tt4b_product_sync: missing access token for tt4b_product_sync
2023-05-06T13:18:47+00:00 DEBUG tt4b_product_sync: missing access token for tt4b_product_sync
2023-05-06T13:18:59+00:00 DEBUG tt4b_product_sync: missing access token for tt4b_product_sync
2023-05-06T13:20:01+00:00 DEBUG tt4b_product_sync: missing access token for tt4b_product_sync
2023-05-06T13:21:09+00:00 DEBUG tt4b_product_sync: missing access token for tt4b_product_sync
2023-05-06T13:21:11+00:00 DEBUG tt4b_product_sync: missing access token for tt4b_product_sync
2023-05-06T13:22:19+00:00 DEBUG tt4b_product_sync: missing access token for tt4b_product_sync
2023-05-06T13:23:05+00:00 DEBUG tt4b_product_sync: missing access token for tt4b_product_sync
2023-05-06T13:24:08+00:00 DEBUG tt4b_product_sync: missing access token for tt4b_product_sync
2023-05-06T13:24:57+00:00 DEBUG tt4b_product_sync: missing access token for tt4b_product_sync
2023-05-06T13:25:17+00:00 DEBUG tt4b_product_sync: missing access token for tt4b_product_sync
2023-05-06T13:26:22+00:00 DEBUG tt4b_product_sync: missing access token for tt4b_product_sync
2023-05-06T13:26:29+00:00 DEBUG tt4b_product_sync: missing access token for tt4b_product_sync
2023-05-06T13:26:34+00:00 DEBUG tt4b_product_sync: missing access token for tt4b_product_sync
2023-05-06T13:27:37+00:00 DEBUG tt4b_product_sync: missing access token for tt4b_product_sync
2023-05-06T13:27:58+00:00 DEBUG tt4b_product_sync: missing access token for tt4b_product_sync
2023-05-06T13:28:13+00:00 DEBUG tt4b_product_sync: missing access token for tt4b_product_sync
2023-05-06T13:28:20+00:00 DEBUG tt4b_product_sync: missing access token for tt4b_product_sync
2023-05-06T13:29:18+00:00 DEBUG tt4b_product_sync: missing access token for tt4b_product_sync
2023-05-06T13:29:32+00:00 DEBUG tt4b_product_sync: missing access token for tt4b_product_sync
2023-05-06T13:29:38+00:00 DEBUG tt4b_product_sync: missing access token for tt4b_product_sync
2023-05-06T13:30:36+00:00 DEBUG tt4b_product_sync: missing access token for tt4b_product_sync
2023-05-06T13:31:14+00:00 DEBUG tt4b_product_sync: missing access token for tt4b_product_sync
2023-05-06T13:31:18+00:00 DEBUG tt4b_product_sync: missing access token for tt4b_product_sync
2023-05-06T13:32:21+00:00 DEBUG tt4b_product_sync: missing access token for tt4b_product_sync
2023-05-06T13:33:02+00:00 DEBUG tt4b_product_sync: missing access token for tt4b_product_sync
2023-05-06T13:52:25+00:00 DEBUG tt4b_product_sync: missing access token for tt4b_product_sync
2023-05-06T13:53:01+00:00 DEBUG tt4b_product_sync: missing access token for tt4b_product_sync
2023-05-06T13:55:39+00:00 DEBUG tt4b_product_sync: missing access token for tt4b_product_sync
2023-05-06T13:57:06+00:00 DEBUG tt4b_product_sync: missing access token for tt4b_product_sync
2023-05-06T13:57:13+00:00 DEBUG tt4b_product_sync: missing access token for tt4b_product_sync
2023-05-06T13:57:22+00:00 DEBUG tt4b_product_sync: missing access token for tt4b_product_sync
2023-05-06T14:07:49+00:00 DEBUG tt4b_product_sync: missing access token for tt4b_product_sync
2023-05-06T14:08:56+00:00 DEBUG tt4b_product_sync: missing access token for tt4b_product_sync
2023-05-06T14:09:06+00:00 DEBUG tt4b_product_sync: missing access token for tt4b_product_sync
2023-05-06T14:09:23+00:00 DEBUG tt4b_product_sync: missing access token for tt4b_product_sync
2023-05-06T14:10:27+00:00 DEBUG tt4b_product_sync: missing access token for tt4b_product_sync
2023-05-06T14:10:41+00:00 DEBUG tt4b_product_sync: missing access token for tt4b_product_sync
2023-05-06T14:11:10+00:00 DEBUG tt4b_product_sync: missing access token for tt4b_product_sync
2023-05-06T14:12:21+00:00 DEBUG tt4b_product_sync: missing access token for tt4b_product_sync
2023-05-06T14:12:40+00:00 DEBUG tt4b_product_sync: missing access token for tt4b_product_sync
2023-05-06T14:14:31+00:00 DEBUG tt4b_product_sync: missing access token for tt4b_product_sync
2023-05-06T14:14:48+00:00 DEBUG tt4b_product_sync: missing access token for tt4b_product_sync
2023-05-06T14:15:53+00:00 DEBUG tt4b_product_sync: missing access token for tt4b_product_sync
2023-05-06T14:15:56+00:00 DEBUG tt4b_product_sync: missing access token for tt4b_product_sync
2023-05-06T14:18:59+00:00 DEBUG tt4b_product_sync: missing access token for tt4b_product_sync
2023-05-06T14:19:07+00:00 DEBUG tt4b_product_sync: missing access token for tt4b_product_sync
2023-05-06T14:20:11+00:00 DEBUG tt4b_product_sync: missing access token for tt4b_product_sync
2023-05-06T14:20:15+00:00 DEBUG tt4b_product_sync: missing access token for tt4b_product_sync
2023-05-06T14:56:07+00:00 DEBUG tt4b_product_sync: missing access token for tt4b_product_sync
2023-05-06T14:56:54+00:00 DEBUG tt4b_product_sync: missing access token for tt4b_product_sync
2023-05-06T14:58:22+00:00 DEBUG tt4b_product_sync: missing access token for tt4b_product_sync
2023-05-06T14:58:57+00:00 DEBUG tt4b_product_sync: missing access token for tt4b_product_sync
2023-05-06T14:59:10+00:00 DEBUG tt4b_product_sync: missing access token for tt4b_product_sync
2023-05-06T15:00:02+00:00 DEBUG tt4b_product_sync: missing access token for tt4b_product_sync
2023-05-06T15:00:14+00:00 DEBUG tt4b_product_sync: missing access token for tt4b_product_sync
2023-05-06T15:00:27+00:00 DEBUG tt4b_product_sync: missing access token for tt4b_product_sync
2023-05-06T15:01:13+00:00 DEBUG tt4b_product_sync: missing access token for tt4b_product_sync
2023-05-06T15:01:21+00:00 DEBUG tt4b_product_sync: missing access token for tt4b_product_sync
2023-05-06T15:01:33+00:00 DEBUG tt4b_product_sync: missing access token for tt4b_product_sync
2023-05-06T15:02:20+00:00 DEBUG tt4b_product_sync: missing access token for tt4b_product_sync
2023-05-06T15:18:38+00:00 DEBUG tt4b_product_sync: missing access token for tt4b_product_sync
2023-05-06T15:18:54+00:00 DEBUG tt4b_product_sync: missing access token for tt4b_product_sync
2023-05-06T15:19:58+00:00 DEBUG tt4b_product_sync: missing access token for tt4b_product_sync
2023-05-06T15:20:13+00:00 DEBUG tt4b_product_sync: missing access token for tt4b_product_sync
2023-05-06T15:23:08+00:00 DEBUG tt4b_product_sync: missing access token for tt4b_product_sync
2023-05-06T15:23:16+00:00 DEBUG tt4b_product_sync: missing access token for tt4b_product_sync
2023-05-06T15:24:20+00:00 DEBUG tt4b_product_sync: missing access token for tt4b_product_sync
2023-05-06T15:24:22+00:00 DEBUG tt4b_product_sync: missing access token for tt4b_product_sync
2023-05-06T15:24:35+00:00 DEBUG tt4b_product_sync: missing access token for tt4b_product_sync
2023-05-06T15:26:20+00:00 DEBUG tt4b_product_sync: missing access token for tt4b_product_sync
2023-05-06T15:27:06+00:00 DEBUG tt4b_product_sync: missing access token for tt4b_product_sync
2023-05-06T15:27:14+00:00 DEBUG tt4b_product_sync: missing access token for tt4b_product_sync
2023-05-06T15:29:50+00:00 DEBUG tt4b_product_sync: missing access token for tt4b_product_sync
2023-05-06T15:30:36+00:00 DEBUG tt4b_product_sync: missing access token for tt4b_product_sync
2023-05-06T15:32:12+00:00 DEBUG tt4b_product_sync: missing access token for tt4b_product_sync
2023-05-06T15:33:09+00:00 DEBUG tt4b_product_sync: missing access token for tt4b_product_sync
2023-05-06T15:34:49+00:00 DEBUG Tt4b_Pixel_Class::inject_view_content_event: hit injectViewContentEvent
2023-05-06T15:34:49+00:00 DEBUG Tt4b_Pixel_Class::inject_view_content_event: Missing option "access_token"
2023-05-06T15:35:11+00:00 DEBUG Tt4b_Pixel_Class::inject_add_to_cart_event: hit injectAddToCartEvent
2023-05-06T15:35:11+00:00 DEBUG Tt4b_Pixel_Class::inject_add_to_cart_event: Missing option "access_token"
2023-05-06T15:35:13+00:00 DEBUG Tt4b_Pixel_Class::inject_view_content_event: hit injectViewContentEvent
2023-05-06T15:35:13+00:00 DEBUG Tt4b_Pixel_Class::inject_view_content_event: Missing option "access_token"
2023-05-06T15:35:28+00:00 DEBUG Tt4b_Pixel_Class::inject_start_checkout: hit injectStartCheckout
2023-05-06T15:35:28+00:00 DEBUG Tt4b_Pixel_Class::inject_start_checkout: Missing option "access_token"
2023-05-06T15:42:48+00:00 DEBUG Tt4b_Pixel_Class::inject_add_to_cart_event: hit injectAddToCartEvent
2023-05-06T15:42:48+00:00 DEBUG Tt4b_Pixel_Class::inject_add_to_cart_event: Missing option "access_token"
2023-05-06T15:42:58+00:00 DEBUG Tt4b_Pixel_Class::inject_start_checkout: hit injectStartCheckout
2023-05-06T15:42:58+00:00 DEBUG Tt4b_Pixel_Class::inject_start_checkout: Missing option "access_token"
2023-05-06T15:50:45+00:00 DEBUG Tt4b_Pixel_Class::inject_start_checkout: hit injectStartCheckout
2023-05-06T15:50:45+00:00 DEBUG Tt4b_Pixel_Class::inject_start_checkout: Missing option "access_token"
2023-05-06T15:52:03+00:00 DEBUG Tt4b_Pixel_Class::inject_start_checkout: hit injectStartCheckout
2023-05-06T15:52:03+00:00 DEBUG Tt4b_Pixel_Class::inject_start_checkout: Missing option "access_token"
2023-05-06T16:06:08+00:00 DEBUG Tt4b_Pixel_Class::inject_start_checkout: hit injectStartCheckout
2023-05-06T16:06:08+00:00 DEBUG Tt4b_Pixel_Class::inject_start_checkout: Missing option "access_token"
2023-05-06T16:06:56+00:00 DEBUG Tt4b_Pixel_Class::inject_start_checkout: hit injectStartCheckout
2023-05-06T16:06:56+00:00 DEBUG Tt4b_Pixel_Class::inject_start_checkout: Missing option "access_token"
2023-05-06T16:08:20+00:00 DEBUG Tt4b_Pixel_Class::inject_start_checkout: hit injectStartCheckout
2023-05-06T16:08:20+00:00 DEBUG Tt4b_Pixel_Class::inject_start_checkout: Missing option "access_token"
2023-05-06T16:08:35+00:00 DEBUG Tt4b_Pixel_Class::inject_start_checkout: hit injectStartCheckout
2023-05-06T16:08:35+00:00 DEBUG Tt4b_Pixel_Class::inject_start_checkout: Missing option "access_token"
2023-05-06T16:11:36+00:00 DEBUG Tt4b_Pixel_Class::inject_start_checkout: hit injectStartCheckout
2023-05-06T16:11:36+00:00 DEBUG Tt4b_Pixel_Class::inject_start_checkout: Missing option "access_token"
2023-05-06T16:14:09+00:00 DEBUG Tt4b_Pixel_Class::inject_start_checkout: hit injectStartCheckout
2023-05-06T16:14:09+00:00 DEBUG Tt4b_Pixel_Class::inject_start_checkout: Missing option "access_token"
2023-05-06T16:14:14+00:00 DEBUG Tt4b_Pixel_Class::inject_start_checkout: hit injectStartCheckout
2023-05-06T16:14:14+00:00 DEBUG Tt4b_Pixel_Class::inject_start_checkout: Missing option "access_token"
2023-05-06T16:16:39+00:00 DEBUG Tt4b_Pixel_Class::inject_add_to_cart_event: hit injectAddToCartEvent
2023-05-06T16:16:39+00:00 DEBUG Tt4b_Pixel_Class::inject_add_to_cart_event: Missing option "access_token"
2023-05-06T16:16:49+00:00 DEBUG Tt4b_Pixel_Class::inject_start_checkout: hit injectStartCheckout
2023-05-06T16:16:49+00:00 DEBUG Tt4b_Pixel_Class::inject_start_checkout: Missing option "access_token"
2023-05-06T17:15:15+00:00 DEBUG Tt4b_Pixel_Class::inject_add_to_cart_event: hit injectAddToCartEvent
2023-05-06T17:15:15+00:00 DEBUG Tt4b_Pixel_Class::inject_add_to_cart_event: Missing option "access_token"
2023-05-06T17:15:26+00:00 DEBUG Tt4b_Pixel_Class::inject_start_checkout: hit injectStartCheckout
2023-05-06T17:15:26+00:00 DEBUG Tt4b_Pixel_Class::inject_start_checkout: Missing option "access_token"
2023-05-06T17:18:42+00:00 DEBUG Tt4b_Pixel_Class::inject_view_content_event: hit injectViewContentEvent
2023-05-06T17:18:42+00:00 DEBUG Tt4b_Pixel_Class::inject_view_content_event: Missing option "access_token"
2023-05-06T17:18:51+00:00 DEBUG Tt4b_Pixel_Class::inject_add_to_cart_event: hit injectAddToCartEvent
2023-05-06T17:18:51+00:00 DEBUG Tt4b_Pixel_Class::inject_add_to_cart_event: Missing option "access_token"
2023-05-06T17:18:52+00:00 DEBUG Tt4b_Pixel_Class::inject_view_content_event: hit injectViewContentEvent
2023-05-06T17:18:52+00:00 DEBUG Tt4b_Pixel_Class::inject_view_content_event: Missing option "access_token"
2023-05-06T17:22:46+00:00 DEBUG Tt4b_Pixel_Class::inject_add_to_cart_event: hit injectAddToCartEvent
2023-05-06T17:22:46+00:00 DEBUG Tt4b_Pixel_Class::inject_add_to_cart_event: Missing option "access_token"
2023-05-06T17:22:57+00:00 DEBUG Tt4b_Pixel_Class::inject_start_checkout: hit injectStartCheckout
2023-05-06T17:22:57+00:00 DEBUG Tt4b_Pixel_Class::inject_start_checkout: Missing option "access_token"
2023-05-06T17:31:41+00:00 DEBUG Tt4b_Pixel_Class::inject_start_checkout: hit injectStartCheckout
2023-05-06T17:31:41+00:00 DEBUG Tt4b_Pixel_Class::inject_start_checkout: Missing option "access_token"
2023-05-06T17:37:01+00:00 DEBUG Tt4b_Pixel_Class::inject_start_checkout: hit injectStartCheckout
2023-05-06T17:37:01+00:00 DEBUG Tt4b_Pixel_Class::inject_start_checkout: Missing option "access_token"
2023-05-06T17:41:21+00:00 DEBUG Tt4b_Pixel_Class::inject_start_checkout: hit injectStartCheckout
2023-05-06T17:41:21+00:00 DEBUG Tt4b_Pixel_Class::inject_start_checkout: Missing option "access_token"
2023-05-06T17:41:37+00:00 DEBUG Tt4b_Pixel_Class::inject_start_checkout: hit injectStartCheckout
2023-05-06T17:41:37+00:00 DEBUG Tt4b_Pixel_Class::inject_start_checkout: Missing option "access_token"
2023-05-06T17:41:57+00:00 DEBUG Tt4b_Pixel_Class::inject_start_checkout: hit injectStartCheckout
2023-05-06T17:41:57+00:00 DEBUG Tt4b_Pixel_Class::inject_start_checkout: Missing option "access_token"
